
INFO:     Will watch for changes in these directories: ['/Users/ozgurk12/Desktop/PROJELER/EduPage Kids/Etkinlik ve Günlük Plan/backend']
INFO:     Uvicorn running on http://127.0.0.1:8000 (Press CTRL+C to quit)
INFO:     Started reloader process [3688] using WatchFiles
INFO:     Started server process [3699]
INFO:     Waiting for application startup.
2025-09-14 22:19:22,888 - app.main - INFO - Starting up EduPage Kids Activity Generator API
2025-09-14 22:19:23,566 INFO sqlalchemy.engine.Engine select pg_catalog.version()
2025-09-14 22:19:23,566 - sqlalchemy.engine.Engine - INFO - select pg_catalog.version()
2025-09-14 22:19:23,566 INFO sqlalchemy.engine.Engine [raw sql] ()
2025-09-14 22:19:23,566 - sqlalchemy.engine.Engine - INFO - [raw sql] ()
2025-09-14 22:19:23,806 INFO sqlalchemy.engine.Engine select current_schema()
2025-09-14 22:19:23,806 - sqlalchemy.engine.Engine - INFO - select current_schema()
2025-09-14 22:19:23,806 INFO sqlalchemy.engine.Engine [raw sql] ()
2025-09-14 22:19:23,806 - sqlalchemy.engine.Engine - INFO - [raw sql] ()
2025-09-14 22:19:24,045 INFO sqlalchemy.engine.Engine show standard_conforming_strings
2025-09-14 22:19:24,045 - sqlalchemy.engine.Engine - INFO - show standard_conforming_strings
2025-09-14 22:19:24,046 INFO sqlalchemy.engine.Engine [raw sql] ()
2025-09-14 22:19:24,046 - sqlalchemy.engine.Engine - INFO - [raw sql] ()
2025-09-14 22:19:24,227 INFO sqlalchemy.engine.Engine BEGIN (implicit)
2025-09-14 22:19:24,227 - sqlalchemy.engine.Engine - INFO - BEGIN (implicit)
2025-09-14 22:19:24,227 INFO sqlalchemy.engine.Engine SELECT 1
2025-09-14 22:19:24,227 - sqlalchemy.engine.Engine - INFO - SELECT 1
2025-09-14 22:19:24,228 INFO sqlalchemy.engine.Engine [generated in 0.00058s] ()
2025-09-14 22:19:24,228 - sqlalchemy.engine.Engine - INFO - [generated in 0.00058s] ()
2025-09-14 22:19:24,405 INFO sqlalchemy.engine.Engine ROLLBACK
2025-09-14 22:19:24,405 - sqlalchemy.engine.Engine - INFO - ROLLBACK
2025-09-14 22:19:24,465 - app.main - INFO - Database connection successful
INFO:     Application startup complete.
2025-09-14 22:19:46,005 INFO sqlalchemy.engine.Engine BEGIN (implicit)
2025-09-14 22:19:46,005 - sqlalchemy.engine.Engine - INFO - BEGIN (implicit)
2025-09-14 22:19:46,008 INFO sqlalchemy.engine.Engine SELECT etkinlikler.id, etkinlikler.etkinlik_adi, etkinlikler.alan_adi, etkinlikler.yas_grubu, etkinlikler.sure, etkinlikler.uygulama_yeri, etkinlikler.etkinlik_amaci, etkinlikler.materyaller, etkinlikler.uygulama_sureci, etkinlikler.giris_bolumu, etkinlikler.gelisme_bolumu, etkinlikler.yansima_cemberi, etkinlikler.sonuc_bolumu, etkinlikler.uyarlama, etkinlikler.farklilastirma_kapsayicilik, etkinlikler.degerlendirme_program, etkinlikler.degerlendirme_beceriler, etkinlikler.degerlendirme_ogrenciler, etkinlikler.kazanim_idleri, etkinlikler.kazanim_metinleri, etkinlikler.created_at, etkinlikler.updated_at, etkinlikler.created_by, etkinlikler.ai_generated, etkinlikler.prompt_used, etkinlikler.model_version, etkinlikler.json_data 
FROM etkinlikler 
WHERE etkinlikler.id = $1::INTEGER
2025-09-14 22:19:46,008 - sqlalchemy.engine.Engine - INFO - SELECT etkinlikler.id, etkinlikler.etkinlik_adi, etkinlikler.alan_adi, etkinlikler.yas_grubu, etkinlikler.sure, etkinlikler.uygulama_yeri, etkinlikler.etkinlik_amaci, etkinlikler.materyaller, etkinlikler.uygulama_sureci, etkinlikler.giris_bolumu, etkinlikler.gelisme_bolumu, etkinlikler.yansima_cemberi, etkinlikler.sonuc_bolumu, etkinlikler.uyarlama, etkinlikler.farklilastirma_kapsayicilik, etkinlikler.degerlendirme_program, etkinlikler.degerlendirme_beceriler, etkinlikler.degerlendirme_ogrenciler, etkinlikler.kazanim_idleri, etkinlikler.kazanim_metinleri, etkinlikler.created_at, etkinlikler.updated_at, etkinlikler.created_by, etkinlikler.ai_generated, etkinlikler.prompt_used, etkinlikler.model_version, etkinlikler.json_data 
FROM etkinlikler 
WHERE etkinlikler.id = $1::INTEGER
2025-09-14 22:19:46,008 INFO sqlalchemy.engine.Engine [generated in 0.00011s] (19,)
2025-09-14 22:19:46,008 - sqlalchemy.engine.Engine - INFO - [generated in 0.00011s] (19,)
2025-09-14 22:19:46,545 - app.services.docx_export - INFO - Template loaded successfully
2025-09-14 22:19:46,552 INFO sqlalchemy.engine.Engine COMMIT
2025-09-14 22:19:46,552 - sqlalchemy.engine.Engine - INFO - COMMIT
INFO:     127.0.0.1:63011 - "GET /api/v1/etkinlikler/19/export/docx HTTP/1.1" 200 OK
WARNING:  WatchFiles detected changes in 'app/services/docx_export.py'. Reloading...
INFO:     Shutting down
INFO:     Waiting for application shutdown.
2025-09-14 22:20:13,075 - app.main - INFO - Shutting down EduPage Kids Activity Generator API
INFO:     Application shutdown complete.
INFO:     Finished server process [3699]
INFO:     Started server process [5339]
INFO:     Waiting for application startup.
2025-09-14 22:20:14,599 - app.main - INFO - Starting up EduPage Kids Activity Generator API
2025-09-14 22:20:15,021 INFO sqlalchemy.engine.Engine select pg_catalog.version()
2025-09-14 22:20:15,021 - sqlalchemy.engine.Engine - INFO - select pg_catalog.version()
2025-09-14 22:20:15,021 INFO sqlalchemy.engine.Engine [raw sql] ()
2025-09-14 22:20:15,021 - sqlalchemy.engine.Engine - INFO - [raw sql] ()
2025-09-14 22:20:15,115 INFO sqlalchemy.engine.Engine select current_schema()
2025-09-14 22:20:15,115 - sqlalchemy.engine.Engine - INFO - select current_schema()
2025-09-14 22:20:15,115 INFO sqlalchemy.engine.Engine [raw sql] ()
2025-09-14 22:20:15,115 - sqlalchemy.engine.Engine - INFO - [raw sql] ()
2025-09-14 22:20:15,208 INFO sqlalchemy.engine.Engine show standard_conforming_strings
2025-09-14 22:20:15,208 - sqlalchemy.engine.Engine - INFO - show standard_conforming_strings
2025-09-14 22:20:15,208 INFO sqlalchemy.engine.Engine [raw sql] ()
2025-09-14 22:20:15,208 - sqlalchemy.engine.Engine - INFO - [raw sql] ()
2025-09-14 22:20:15,277 INFO sqlalchemy.engine.Engine BEGIN (implicit)
2025-09-14 22:20:15,277 - sqlalchemy.engine.Engine - INFO - BEGIN (implicit)
2025-09-14 22:20:15,277 INFO sqlalchemy.engine.Engine SELECT 1
2025-09-14 22:20:15,277 - sqlalchemy.engine.Engine - INFO - SELECT 1
2025-09-14 22:20:15,277 INFO sqlalchemy.engine.Engine [generated in 0.00020s] ()
2025-09-14 22:20:15,277 - sqlalchemy.engine.Engine - INFO - [generated in 0.00020s] ()
2025-09-14 22:20:15,346 INFO sqlalchemy.engine.Engine ROLLBACK
2025-09-14 22:20:15,346 - sqlalchemy.engine.Engine - INFO - ROLLBACK
2025-09-14 22:20:15,369 - app.main - INFO - Database connection successful
INFO:     Application startup complete.
2025-09-14 22:20:20,685 INFO sqlalchemy.engine.Engine BEGIN (implicit)
2025-09-14 22:20:20,685 - sqlalchemy.engine.Engine - INFO - BEGIN (implicit)
2025-09-14 22:20:20,688 INFO sqlalchemy.engine.Engine SELECT etkinlikler.id, etkinlikler.etkinlik_adi, etkinlikler.alan_adi, etkinlikler.yas_grubu, etkinlikler.sure, etkinlikler.uygulama_yeri, etkinlikler.etkinlik_amaci, etkinlikler.materyaller, etkinlikler.uygulama_sureci, etkinlikler.giris_bolumu, etkinlikler.gelisme_bolumu, etkinlikler.yansima_cemberi, etkinlikler.sonuc_bolumu, etkinlikler.uyarlama, etkinlikler.farklilastirma_kapsayicilik, etkinlikler.degerlendirme_program, etkinlikler.degerlendirme_beceriler, etkinlikler.degerlendirme_ogrenciler, etkinlikler.kazanim_idleri, etkinlikler.kazanim_metinleri, etkinlikler.created_at, etkinlikler.updated_at, etkinlikler.created_by, etkinlikler.ai_generated, etkinlikler.prompt_used, etkinlikler.model_version, etkinlikler.json_data 
FROM etkinlikler 
WHERE etkinlikler.id = $1::INTEGER
2025-09-14 22:20:20,688 - sqlalchemy.engine.Engine - INFO - SELECT etkinlikler.id, etkinlikler.etkinlik_adi, etkinlikler.alan_adi, etkinlikler.yas_grubu, etkinlikler.sure, etkinlikler.uygulama_yeri, etkinlikler.etkinlik_amaci, etkinlikler.materyaller, etkinlikler.uygulama_sureci, etkinlikler.giris_bolumu, etkinlikler.gelisme_bolumu, etkinlikler.yansima_cemberi, etkinlikler.sonuc_bolumu, etkinlikler.uyarlama, etkinlikler.farklilastirma_kapsayicilik, etkinlikler.degerlendirme_program, etkinlikler.degerlendirme_beceriler, etkinlikler.degerlendirme_ogrenciler, etkinlikler.kazanim_idleri, etkinlikler.kazanim_metinleri, etkinlikler.created_at, etkinlikler.updated_at, etkinlikler.created_by, etkinlikler.ai_generated, etkinlikler.prompt_used, etkinlikler.model_version, etkinlikler.json_data 
FROM etkinlikler 
WHERE etkinlikler.id = $1::INTEGER
2025-09-14 22:20:20,689 INFO sqlalchemy.engine.Engine [generated in 0.00009s] (19,)
2025-09-14 22:20:20,689 - sqlalchemy.engine.Engine - INFO - [generated in 0.00009s] (19,)
2025-09-14 22:20:21,227 - app.services.docx_export - INFO - Template loaded successfully
2025-09-14 22:20:21,230 - app.services.docx_export - INFO - Etkinlik amaci text length: 0
2025-09-14 22:20:21,231 - app.services.docx_export - INFO - First 200 chars: EMPTY
2025-09-14 22:20:21,231 - app.services.docx_export - INFO - Parsed amaclar count: 0
2025-09-14 22:20:21,234 INFO sqlalchemy.engine.Engine COMMIT
2025-09-14 22:20:21,234 - sqlalchemy.engine.Engine - INFO - COMMIT
INFO:     127.0.0.1:63154 - "GET /api/v1/etkinlikler/19/export/docx HTTP/1.1" 200 OK
WARNING:  WatchFiles detected changes in 'app/api/endpoints/etkinlikler.py'. Reloading...
INFO:     Shutting down
INFO:     Waiting for application shutdown.
2025-09-14 22:22:06,904 - app.main - INFO - Shutting down EduPage Kids Activity Generator API
INFO:     Application shutdown complete.
INFO:     Finished server process [5339]
INFO:     Started server process [8898]
INFO:     Waiting for application startup.
2025-09-14 22:22:08,617 - app.main - INFO - Starting up EduPage Kids Activity Generator API
2025-09-14 22:22:08,966 INFO sqlalchemy.engine.Engine select pg_catalog.version()
2025-09-14 22:22:08,966 - sqlalchemy.engine.Engine - INFO - select pg_catalog.version()
2025-09-14 22:22:08,967 INFO sqlalchemy.engine.Engine [raw sql] ()
2025-09-14 22:22:08,967 - sqlalchemy.engine.Engine - INFO - [raw sql] ()
2025-09-14 22:22:09,060 INFO sqlalchemy.engine.Engine select current_schema()
2025-09-14 22:22:09,060 - sqlalchemy.engine.Engine - INFO - select current_schema()
2025-09-14 22:22:09,060 INFO sqlalchemy.engine.Engine [raw sql] ()
2025-09-14 22:22:09,060 - sqlalchemy.engine.Engine - INFO - [raw sql] ()
2025-09-14 22:22:09,152 INFO sqlalchemy.engine.Engine show standard_conforming_strings
2025-09-14 22:22:09,152 - sqlalchemy.engine.Engine - INFO - show standard_conforming_strings
2025-09-14 22:22:09,152 INFO sqlalchemy.engine.Engine [raw sql] ()
2025-09-14 22:22:09,152 - sqlalchemy.engine.Engine - INFO - [raw sql] ()
2025-09-14 22:22:09,224 INFO sqlalchemy.engine.Engine BEGIN (implicit)
2025-09-14 22:22:09,224 - sqlalchemy.engine.Engine - INFO - BEGIN (implicit)
2025-09-14 22:22:09,224 INFO sqlalchemy.engine.Engine SELECT 1
2025-09-14 22:22:09,224 - sqlalchemy.engine.Engine - INFO - SELECT 1
2025-09-14 22:22:09,224 INFO sqlalchemy.engine.Engine [generated in 0.00016s] ()
2025-09-14 22:22:09,224 - sqlalchemy.engine.Engine - INFO - [generated in 0.00016s] ()
2025-09-14 22:22:09,293 INFO sqlalchemy.engine.Engine ROLLBACK
2025-09-14 22:22:09,293 - sqlalchemy.engine.Engine - INFO - ROLLBACK
2025-09-14 22:22:09,347 - app.main - INFO - Database connection successful
INFO:     Application startup complete.
2025-09-14 22:22:17,357 INFO sqlalchemy.engine.Engine BEGIN (implicit)
2025-09-14 22:22:17,357 - sqlalchemy.engine.Engine - INFO - BEGIN (implicit)
2025-09-14 22:22:17,361 INFO sqlalchemy.engine.Engine SELECT etkinlikler.id, etkinlikler.etkinlik_adi, etkinlikler.alan_adi, etkinlikler.yas_grubu, etkinlikler.sure, etkinlikler.uygulama_yeri, etkinlikler.etkinlik_amaci, etkinlikler.materyaller, etkinlikler.uygulama_sureci, etkinlikler.giris_bolumu, etkinlikler.gelisme_bolumu, etkinlikler.yansima_cemberi, etkinlikler.sonuc_bolumu, etkinlikler.uyarlama, etkinlikler.farklilastirma_kapsayicilik, etkinlikler.degerlendirme_program, etkinlikler.degerlendirme_beceriler, etkinlikler.degerlendirme_ogrenciler, etkinlikler.kazanim_idleri, etkinlikler.kazanim_metinleri, etkinlikler.created_at, etkinlikler.updated_at, etkinlikler.created_by, etkinlikler.ai_generated, etkinlikler.prompt_used, etkinlikler.model_version, etkinlikler.json_data 
FROM etkinlikler 
WHERE etkinlikler.id = $1::INTEGER
2025-09-14 22:22:17,361 - sqlalchemy.engine.Engine - INFO - SELECT etkinlikler.id, etkinlikler.etkinlik_adi, etkinlikler.alan_adi, etkinlikler.yas_grubu, etkinlikler.sure, etkinlikler.uygulama_yeri, etkinlikler.etkinlik_amaci, etkinlikler.materyaller, etkinlikler.uygulama_sureci, etkinlikler.giris_bolumu, etkinlikler.gelisme_bolumu, etkinlikler.yansima_cemberi, etkinlikler.sonuc_bolumu, etkinlikler.uyarlama, etkinlikler.farklilastirma_kapsayicilik, etkinlikler.degerlendirme_program, etkinlikler.degerlendirme_beceriler, etkinlikler.degerlendirme_ogrenciler, etkinlikler.kazanim_idleri, etkinlikler.kazanim_metinleri, etkinlikler.created_at, etkinlikler.updated_at, etkinlikler.created_by, etkinlikler.ai_generated, etkinlikler.prompt_used, etkinlikler.model_version, etkinlikler.json_data 
FROM etkinlikler 
WHERE etkinlikler.id = $1::INTEGER
2025-09-14 22:22:17,361 INFO sqlalchemy.engine.Engine [generated in 0.00013s] (19,)
2025-09-14 22:22:17,361 - sqlalchemy.engine.Engine - INFO - [generated in 0.00013s] (19,)
2025-09-14 22:22:17,903 - app.services.docx_export - INFO - Template loaded successfully
2025-09-14 22:22:17,908 - app.services.docx_export - INFO - Etkinlik amaci text length: 855
2025-09-14 22:22:17,908 - app.services.docx_export - INFO - First 200 chars: • Bilişsel gelişim: Duyusal ipuçlarını kullanarak tahmin yürütme ve problem çözme becerileri geliştirilir.
• Bilişsel gelişim: Dikkatini dinlediği/izlediği materyale odaklama becerisi kazanılır.
• Sos
2025-09-14 22:22:17,908 - app.services.docx_export - INFO - Parsed amaclar count: 8
2025-09-14 22:22:17,937 INFO sqlalchemy.engine.Engine COMMIT
2025-09-14 22:22:17,937 - sqlalchemy.engine.Engine - INFO - COMMIT
INFO:     127.0.0.1:63646 - "GET /api/v1/etkinlikler/19/export/docx HTTP/1.1" 200 OK
2025-09-14 22:30:45,816 INFO sqlalchemy.engine.Engine BEGIN (implicit)
2025-09-14 22:30:45,816 - sqlalchemy.engine.Engine - INFO - BEGIN (implicit)
2025-09-14 22:30:45,819 INFO sqlalchemy.engine.Engine SELECT etkinlikler.id, etkinlikler.etkinlik_adi, etkinlikler.alan_adi, etkinlikler.yas_grubu, etkinlikler.sure, etkinlikler.uygulama_yeri, etkinlikler.etkinlik_amaci, etkinlikler.materyaller, etkinlikler.uygulama_sureci, etkinlikler.giris_bolumu, etkinlikler.gelisme_bolumu, etkinlikler.yansima_cemberi, etkinlikler.sonuc_bolumu, etkinlikler.uyarlama, etkinlikler.farklilastirma_kapsayicilik, etkinlikler.degerlendirme_program, etkinlikler.degerlendirme_beceriler, etkinlikler.degerlendirme_ogrenciler, etkinlikler.kazanim_idleri, etkinlikler.kazanim_metinleri, etkinlikler.created_at, etkinlikler.updated_at, etkinlikler.created_by, etkinlikler.ai_generated, etkinlikler.prompt_used, etkinlikler.model_version, etkinlikler.json_data 
FROM etkinlikler 
WHERE etkinlikler.id = $1::INTEGER
2025-09-14 22:30:45,819 - sqlalchemy.engine.Engine - INFO - SELECT etkinlikler.id, etkinlikler.etkinlik_adi, etkinlikler.alan_adi, etkinlikler.yas_grubu, etkinlikler.sure, etkinlikler.uygulama_yeri, etkinlikler.etkinlik_amaci, etkinlikler.materyaller, etkinlikler.uygulama_sureci, etkinlikler.giris_bolumu, etkinlikler.gelisme_bolumu, etkinlikler.yansima_cemberi, etkinlikler.sonuc_bolumu, etkinlikler.uyarlama, etkinlikler.farklilastirma_kapsayicilik, etkinlikler.degerlendirme_program, etkinlikler.degerlendirme_beceriler, etkinlikler.degerlendirme_ogrenciler, etkinlikler.kazanim_idleri, etkinlikler.kazanim_metinleri, etkinlikler.created_at, etkinlikler.updated_at, etkinlikler.created_by, etkinlikler.ai_generated, etkinlikler.prompt_used, etkinlikler.model_version, etkinlikler.json_data 
FROM etkinlikler 
WHERE etkinlikler.id = $1::INTEGER
2025-09-14 22:30:45,820 INFO sqlalchemy.engine.Engine [cached since 508.4s ago] (19,)
2025-09-14 22:30:45,820 - sqlalchemy.engine.Engine - INFO - [cached since 508.4s ago] (19,)
2025-09-14 22:30:45,972 - app.services.docx_export - INFO - Template loaded successfully
2025-09-14 22:30:45,977 - app.services.docx_export - INFO - Etkinlik amaci text length: 855
2025-09-14 22:30:45,977 - app.services.docx_export - INFO - First 200 chars: • Bilişsel gelişim: Duyusal ipuçlarını kullanarak tahmin yürütme ve problem çözme becerileri geliştirilir.
• Bilişsel gelişim: Dikkatini dinlediği/izlediği materyale odaklama becerisi kazanılır.
• Sos
2025-09-14 22:30:45,977 - app.services.docx_export - INFO - Parsed amaclar count: 8
2025-09-14 22:30:46,005 INFO sqlalchemy.engine.Engine COMMIT
2025-09-14 22:30:46,005 - sqlalchemy.engine.Engine - INFO - COMMIT
INFO:     127.0.0.1:65228 - "GET /api/v1/etkinlikler/19/export/docx HTTP/1.1" 200 OK
2025-09-14 22:31:50,176 INFO sqlalchemy.engine.Engine BEGIN (implicit)
2025-09-14 22:31:50,176 - sqlalchemy.engine.Engine - INFO - BEGIN (implicit)
2025-09-14 22:31:50,177 INFO sqlalchemy.engine.Engine SELECT etkinlikler.id, etkinlikler.etkinlik_adi, etkinlikler.alan_adi, etkinlikler.yas_grubu, etkinlikler.sure, etkinlikler.uygulama_yeri, etkinlikler.etkinlik_amaci, etkinlikler.materyaller, etkinlikler.uygulama_sureci, etkinlikler.giris_bolumu, etkinlikler.gelisme_bolumu, etkinlikler.yansima_cemberi, etkinlikler.sonuc_bolumu, etkinlikler.uyarlama, etkinlikler.farklilastirma_kapsayicilik, etkinlikler.degerlendirme_program, etkinlikler.degerlendirme_beceriler, etkinlikler.degerlendirme_ogrenciler, etkinlikler.kazanim_idleri, etkinlikler.kazanim_metinleri, etkinlikler.created_at, etkinlikler.updated_at, etkinlikler.created_by, etkinlikler.ai_generated, etkinlikler.prompt_used, etkinlikler.model_version, etkinlikler.json_data 
FROM etkinlikler 
WHERE etkinlikler.id = $1::INTEGER
2025-09-14 22:31:50,177 - sqlalchemy.engine.Engine - INFO - SELECT etkinlikler.id, etkinlikler.etkinlik_adi, etkinlikler.alan_adi, etkinlikler.yas_grubu, etkinlikler.sure, etkinlikler.uygulama_yeri, etkinlikler.etkinlik_amaci, etkinlikler.materyaller, etkinlikler.uygulama_sureci, etkinlikler.giris_bolumu, etkinlikler.gelisme_bolumu, etkinlikler.yansima_cemberi, etkinlikler.sonuc_bolumu, etkinlikler.uyarlama, etkinlikler.farklilastirma_kapsayicilik, etkinlikler.degerlendirme_program, etkinlikler.degerlendirme_beceriler, etkinlikler.degerlendirme_ogrenciler, etkinlikler.kazanim_idleri, etkinlikler.kazanim_metinleri, etkinlikler.created_at, etkinlikler.updated_at, etkinlikler.created_by, etkinlikler.ai_generated, etkinlikler.prompt_used, etkinlikler.model_version, etkinlikler.json_data 
FROM etkinlikler 
WHERE etkinlikler.id = $1::INTEGER
2025-09-14 22:31:50,177 INFO sqlalchemy.engine.Engine [cached since 572.8s ago] (19,)
2025-09-14 22:31:50,177 - sqlalchemy.engine.Engine - INFO - [cached since 572.8s ago] (19,)
2025-09-14 22:31:50,327 - app.services.docx_export - INFO - Template loaded successfully
2025-09-14 22:31:50,332 - app.services.docx_export - INFO - Etkinlik amaci text length: 855
2025-09-14 22:31:50,332 - app.services.docx_export - INFO - First 200 chars: • Bilişsel gelişim: Duyusal ipuçlarını kullanarak tahmin yürütme ve problem çözme becerileri geliştirilir.
• Bilişsel gelişim: Dikkatini dinlediği/izlediği materyale odaklama becerisi kazanılır.
• Sos
2025-09-14 22:31:50,332 - app.services.docx_export - INFO - Parsed amaclar count: 8
2025-09-14 22:31:50,361 INFO sqlalchemy.engine.Engine COMMIT
2025-09-14 22:31:50,361 - sqlalchemy.engine.Engine - INFO - COMMIT
INFO:     127.0.0.1:65426 - "GET /api/v1/etkinlikler/19/export/docx HTTP/1.1" 200 OK
2025-09-14 22:34:45,529 INFO sqlalchemy.engine.Engine BEGIN (implicit)
2025-09-14 22:34:45,529 - sqlalchemy.engine.Engine - INFO - BEGIN (implicit)
2025-09-14 22:34:45,531 INFO sqlalchemy.engine.Engine SELECT etkinlikler.id, etkinlikler.etkinlik_adi, etkinlikler.alan_adi, etkinlikler.yas_grubu, etkinlikler.sure, etkinlikler.uygulama_yeri, etkinlikler.etkinlik_amaci, etkinlikler.materyaller, etkinlikler.uygulama_sureci, etkinlikler.giris_bolumu, etkinlikler.gelisme_bolumu, etkinlikler.yansima_cemberi, etkinlikler.sonuc_bolumu, etkinlikler.uyarlama, etkinlikler.farklilastirma_kapsayicilik, etkinlikler.degerlendirme_program, etkinlikler.degerlendirme_beceriler, etkinlikler.degerlendirme_ogrenciler, etkinlikler.kazanim_idleri, etkinlikler.kazanim_metinleri, etkinlikler.created_at, etkinlikler.updated_at, etkinlikler.created_by, etkinlikler.ai_generated, etkinlikler.prompt_used, etkinlikler.model_version, etkinlikler.json_data 
FROM etkinlikler 
WHERE etkinlikler.id = $1::INTEGER
2025-09-14 22:34:45,531 - sqlalchemy.engine.Engine - INFO - SELECT etkinlikler.id, etkinlikler.etkinlik_adi, etkinlikler.alan_adi, etkinlikler.yas_grubu, etkinlikler.sure, etkinlikler.uygulama_yeri, etkinlikler.etkinlik_amaci, etkinlikler.materyaller, etkinlikler.uygulama_sureci, etkinlikler.giris_bolumu, etkinlikler.gelisme_bolumu, etkinlikler.yansima_cemberi, etkinlikler.sonuc_bolumu, etkinlikler.uyarlama, etkinlikler.farklilastirma_kapsayicilik, etkinlikler.degerlendirme_program, etkinlikler.degerlendirme_beceriler, etkinlikler.degerlendirme_ogrenciler, etkinlikler.kazanim_idleri, etkinlikler.kazanim_metinleri, etkinlikler.created_at, etkinlikler.updated_at, etkinlikler.created_by, etkinlikler.ai_generated, etkinlikler.prompt_used, etkinlikler.model_version, etkinlikler.json_data 
FROM etkinlikler 
WHERE etkinlikler.id = $1::INTEGER
2025-09-14 22:34:45,531 INFO sqlalchemy.engine.Engine [cached since 748.2s ago] (19,)
2025-09-14 22:34:45,531 - sqlalchemy.engine.Engine - INFO - [cached since 748.2s ago] (19,)
2025-09-14 22:34:45,682 - app.services.docx_export - INFO - Template loaded successfully
2025-09-14 22:34:45,689 - app.services.docx_export - INFO - Etkinlik amaci text length: 855
2025-09-14 22:34:45,689 - app.services.docx_export - INFO - First 200 chars: • Bilişsel gelişim: Duyusal ipuçlarını kullanarak tahmin yürütme ve problem çözme becerileri geliştirilir.
• Bilişsel gelişim: Dikkatini dinlediği/izlediği materyale odaklama becerisi kazanılır.
• Sos
2025-09-14 22:34:45,690 - app.services.docx_export - INFO - Parsed amaclar count: 8
2025-09-14 22:34:45,718 INFO sqlalchemy.engine.Engine COMMIT
2025-09-14 22:34:45,718 - sqlalchemy.engine.Engine - INFO - COMMIT
INFO:     127.0.0.1:49562 - "GET /api/v1/etkinlikler/19/export/docx HTTP/1.1" 200 OK
2025-09-14 22:34:59,669 INFO sqlalchemy.engine.Engine BEGIN (implicit)
2025-09-14 22:34:59,669 - sqlalchemy.engine.Engine - INFO - BEGIN (implicit)
2025-09-14 22:34:59,669 INFO sqlalchemy.engine.Engine SELECT etkinlikler.id, etkinlikler.etkinlik_adi, etkinlikler.alan_adi, etkinlikler.yas_grubu, etkinlikler.sure, etkinlikler.uygulama_yeri, etkinlikler.etkinlik_amaci, etkinlikler.materyaller, etkinlikler.uygulama_sureci, etkinlikler.giris_bolumu, etkinlikler.gelisme_bolumu, etkinlikler.yansima_cemberi, etkinlikler.sonuc_bolumu, etkinlikler.uyarlama, etkinlikler.farklilastirma_kapsayicilik, etkinlikler.degerlendirme_program, etkinlikler.degerlendirme_beceriler, etkinlikler.degerlendirme_ogrenciler, etkinlikler.kazanim_idleri, etkinlikler.kazanim_metinleri, etkinlikler.created_at, etkinlikler.updated_at, etkinlikler.created_by, etkinlikler.ai_generated, etkinlikler.prompt_used, etkinlikler.model_version, etkinlikler.json_data 
FROM etkinlikler 
WHERE etkinlikler.id = $1::INTEGER
2025-09-14 22:34:59,669 - sqlalchemy.engine.Engine - INFO - SELECT etkinlikler.id, etkinlikler.etkinlik_adi, etkinlikler.alan_adi, etkinlikler.yas_grubu, etkinlikler.sure, etkinlikler.uygulama_yeri, etkinlikler.etkinlik_amaci, etkinlikler.materyaller, etkinlikler.uygulama_sureci, etkinlikler.giris_bolumu, etkinlikler.gelisme_bolumu, etkinlikler.yansima_cemberi, etkinlikler.sonuc_bolumu, etkinlikler.uyarlama, etkinlikler.farklilastirma_kapsayicilik, etkinlikler.degerlendirme_program, etkinlikler.degerlendirme_beceriler, etkinlikler.degerlendirme_ogrenciler, etkinlikler.kazanim_idleri, etkinlikler.kazanim_metinleri, etkinlikler.created_at, etkinlikler.updated_at, etkinlikler.created_by, etkinlikler.ai_generated, etkinlikler.prompt_used, etkinlikler.model_version, etkinlikler.json_data 
FROM etkinlikler 
WHERE etkinlikler.id = $1::INTEGER
2025-09-14 22:34:59,669 INFO sqlalchemy.engine.Engine [cached since 762.3s ago] (19,)
2025-09-14 22:34:59,669 - sqlalchemy.engine.Engine - INFO - [cached since 762.3s ago] (19,)
2025-09-14 22:34:59,824 - app.services.docx_export - INFO - Template loaded successfully
2025-09-14 22:34:59,827 - app.services.docx_export - INFO - Etkinlik amaci text length: 855
2025-09-14 22:34:59,827 - app.services.docx_export - INFO - First 200 chars: • Bilişsel gelişim: Duyusal ipuçlarını kullanarak tahmin yürütme ve problem çözme becerileri geliştirilir.
• Bilişsel gelişim: Dikkatini dinlediği/izlediği materyale odaklama becerisi kazanılır.
• Sos
2025-09-14 22:34:59,827 - app.services.docx_export - INFO - Parsed amaclar count: 8
2025-09-14 22:34:59,851 INFO sqlalchemy.engine.Engine COMMIT
2025-09-14 22:34:59,851 - sqlalchemy.engine.Engine - INFO - COMMIT
INFO:     127.0.0.1:49603 - "GET /api/v1/etkinlikler/19/export/docx HTTP/1.1" 200 OK
2025-09-14 22:36:18,654 INFO sqlalchemy.engine.Engine BEGIN (implicit)
2025-09-14 22:36:18,654 - sqlalchemy.engine.Engine - INFO - BEGIN (implicit)
2025-09-14 22:36:18,660 INFO sqlalchemy.engine.Engine SELECT count(etkinlikler.id) AS count_1 
FROM etkinlikler
2025-09-14 22:36:18,660 - sqlalchemy.engine.Engine - INFO - SELECT count(etkinlikler.id) AS count_1 
FROM etkinlikler
2025-09-14 22:36:18,660 INFO sqlalchemy.engine.Engine [generated in 0.00027s] ()
2025-09-14 22:36:18,660 - sqlalchemy.engine.Engine - INFO - [generated in 0.00027s] ()
2025-09-14 22:36:18,762 INFO sqlalchemy.engine.Engine SELECT etkinlikler.ai_generated, count(etkinlikler.id) AS count 
FROM etkinlikler GROUP BY etkinlikler.ai_generated
2025-09-14 22:36:18,762 - sqlalchemy.engine.Engine - INFO - SELECT etkinlikler.ai_generated, count(etkinlikler.id) AS count 
FROM etkinlikler GROUP BY etkinlikler.ai_generated
2025-09-14 22:36:18,762 INFO sqlalchemy.engine.Engine [generated in 0.00012s] ()
2025-09-14 22:36:18,762 - sqlalchemy.engine.Engine - INFO - [generated in 0.00012s] ()
2025-09-14 22:36:18,883 INFO sqlalchemy.engine.Engine SELECT etkinlikler.alan_adi, count(etkinlikler.id) AS count 
FROM etkinlikler GROUP BY etkinlikler.alan_adi ORDER BY count(etkinlikler.id) DESC
2025-09-14 22:36:18,883 - sqlalchemy.engine.Engine - INFO - SELECT etkinlikler.alan_adi, count(etkinlikler.id) AS count 
FROM etkinlikler GROUP BY etkinlikler.alan_adi ORDER BY count(etkinlikler.id) DESC
2025-09-14 22:36:18,884 INFO sqlalchemy.engine.Engine [generated in 0.00019s] ()
2025-09-14 22:36:18,884 - sqlalchemy.engine.Engine - INFO - [generated in 0.00019s] ()
2025-09-14 22:36:19,002 INFO sqlalchemy.engine.Engine SELECT etkinlikler.yas_grubu, count(etkinlikler.id) AS count 
FROM etkinlikler GROUP BY etkinlikler.yas_grubu ORDER BY etkinlikler.yas_grubu
2025-09-14 22:36:19,002 - sqlalchemy.engine.Engine - INFO - SELECT etkinlikler.yas_grubu, count(etkinlikler.id) AS count 
FROM etkinlikler GROUP BY etkinlikler.yas_grubu ORDER BY etkinlikler.yas_grubu
2025-09-14 22:36:19,002 INFO sqlalchemy.engine.Engine [generated in 0.00019s] ()
2025-09-14 22:36:19,002 - sqlalchemy.engine.Engine - INFO - [generated in 0.00019s] ()
2025-09-14 22:36:19,061 INFO sqlalchemy.engine.Engine BEGIN (implicit)
2025-09-14 22:36:19,061 - sqlalchemy.engine.Engine - INFO - BEGIN (implicit)
2025-09-14 22:36:19,062 INFO sqlalchemy.engine.Engine SELECT etkinlikler.id, etkinlikler.etkinlik_adi, etkinlikler.alan_adi, etkinlikler.yas_grubu, etkinlikler.sure, etkinlikler.uygulama_yeri, etkinlikler.etkinlik_amaci, etkinlikler.materyaller, etkinlikler.uygulama_sureci, etkinlikler.giris_bolumu, etkinlikler.gelisme_bolumu, etkinlikler.yansima_cemberi, etkinlikler.sonuc_bolumu, etkinlikler.uyarlama, etkinlikler.farklilastirma_kapsayicilik, etkinlikler.degerlendirme_program, etkinlikler.degerlendirme_beceriler, etkinlikler.degerlendirme_ogrenciler, etkinlikler.kazanim_idleri, etkinlikler.kazanim_metinleri, etkinlikler.created_at, etkinlikler.updated_at, etkinlikler.created_by, etkinlikler.ai_generated, etkinlikler.prompt_used, etkinlikler.model_version, etkinlikler.json_data 
FROM etkinlikler ORDER BY etkinlikler.created_at DESC 
 LIMIT $1::INTEGER OFFSET $2::INTEGER
2025-09-14 22:36:19,062 - sqlalchemy.engine.Engine - INFO - SELECT etkinlikler.id, etkinlikler.etkinlik_adi, etkinlikler.alan_adi, etkinlikler.yas_grubu, etkinlikler.sure, etkinlikler.uygulama_yeri, etkinlikler.etkinlik_amaci, etkinlikler.materyaller, etkinlikler.uygulama_sureci, etkinlikler.giris_bolumu, etkinlikler.gelisme_bolumu, etkinlikler.yansima_cemberi, etkinlikler.sonuc_bolumu, etkinlikler.uyarlama, etkinlikler.farklilastirma_kapsayicilik, etkinlikler.degerlendirme_program, etkinlikler.degerlendirme_beceriler, etkinlikler.degerlendirme_ogrenciler, etkinlikler.kazanim_idleri, etkinlikler.kazanim_metinleri, etkinlikler.created_at, etkinlikler.updated_at, etkinlikler.created_by, etkinlikler.ai_generated, etkinlikler.prompt_used, etkinlikler.model_version, etkinlikler.json_data 
FROM etkinlikler ORDER BY etkinlikler.created_at DESC 
 LIMIT $1::INTEGER OFFSET $2::INTEGER
2025-09-14 22:36:19,062 INFO sqlalchemy.engine.Engine [generated in 0.00013s] (5, 0)
2025-09-14 22:36:19,062 - sqlalchemy.engine.Engine - INFO - [generated in 0.00013s] (5, 0)
2025-09-14 22:36:19,063 INFO sqlalchemy.engine.Engine BEGIN (implicit)
2025-09-14 22:36:19,063 - sqlalchemy.engine.Engine - INFO - BEGIN (implicit)
2025-09-14 22:36:19,063 INFO sqlalchemy.engine.Engine SELECT count(kazanimlar.id) AS count_1 
FROM kazanimlar
2025-09-14 22:36:19,063 - sqlalchemy.engine.Engine - INFO - SELECT count(kazanimlar.id) AS count_1 
FROM kazanimlar
2025-09-14 22:36:19,063 INFO sqlalchemy.engine.Engine [generated in 0.00007s] ()
2025-09-14 22:36:19,063 - sqlalchemy.engine.Engine - INFO - [generated in 0.00007s] ()
2025-09-14 22:36:19,122 INFO sqlalchemy.engine.Engine COMMIT
2025-09-14 22:36:19,122 - sqlalchemy.engine.Engine - INFO - COMMIT
INFO:     127.0.0.1:49854 - "GET /api/v1/etkinlikler/stats/overview HTTP/1.1" 200 OK
2025-09-14 22:36:19,262 INFO sqlalchemy.engine.Engine SELECT kazanimlar.yas_grubu, count(kazanimlar.id) AS count 
FROM kazanimlar GROUP BY kazanimlar.yas_grubu ORDER BY kazanimlar.yas_grubu
2025-09-14 22:36:19,262 - sqlalchemy.engine.Engine - INFO - SELECT kazanimlar.yas_grubu, count(kazanimlar.id) AS count 
FROM kazanimlar GROUP BY kazanimlar.yas_grubu ORDER BY kazanimlar.yas_grubu
2025-09-14 22:36:19,262 INFO sqlalchemy.engine.Engine [generated in 0.00011s] ()
2025-09-14 22:36:19,262 - sqlalchemy.engine.Engine - INFO - [generated in 0.00011s] ()
2025-09-14 22:36:19,298 INFO sqlalchemy.engine.Engine SELECT kazanimlar.ders, count(kazanimlar.id) AS count 
FROM kazanimlar GROUP BY kazanimlar.ders ORDER BY count(kazanimlar.id) DESC
2025-09-14 22:36:19,298 - sqlalchemy.engine.Engine - INFO - SELECT kazanimlar.ders, count(kazanimlar.id) AS count 
FROM kazanimlar GROUP BY kazanimlar.ders ORDER BY count(kazanimlar.id) DESC
2025-09-14 22:36:19,299 INFO sqlalchemy.engine.Engine [generated in 0.00011s] ()
2025-09-14 22:36:19,299 - sqlalchemy.engine.Engine - INFO - [generated in 0.00011s] ()
2025-09-14 22:36:19,360 INFO sqlalchemy.engine.Engine COMMIT
2025-09-14 22:36:19,360 - sqlalchemy.engine.Engine - INFO - COMMIT
INFO:     127.0.0.1:49856 - "GET /api/v1/kazanimlar/stats/overview HTTP/1.1" 200 OK
2025-09-14 22:36:19,513 INFO sqlalchemy.engine.Engine COMMIT
2025-09-14 22:36:19,513 - sqlalchemy.engine.Engine - INFO - COMMIT
INFO:     127.0.0.1:49858 - "GET /api/v1/etkinlikler/?page_size=5 HTTP/1.1" 200 OK
2025-09-14 22:36:25,991 INFO sqlalchemy.engine.Engine BEGIN (implicit)
2025-09-14 22:36:25,991 - sqlalchemy.engine.Engine - INFO - BEGIN (implicit)
2025-09-14 22:36:25,992 INFO sqlalchemy.engine.Engine SELECT DISTINCT kazanimlar.ders 
FROM kazanimlar ORDER BY kazanimlar.ders
2025-09-14 22:36:25,992 - sqlalchemy.engine.Engine - INFO - SELECT DISTINCT kazanimlar.ders 
FROM kazanimlar ORDER BY kazanimlar.ders
2025-09-14 22:36:25,992 INFO sqlalchemy.engine.Engine [generated in 0.00014s] ()
2025-09-14 22:36:25,992 - sqlalchemy.engine.Engine - INFO - [generated in 0.00014s] ()
2025-09-14 22:36:26,028 INFO sqlalchemy.engine.Engine BEGIN (implicit)
2025-09-14 22:36:26,028 - sqlalchemy.engine.Engine - INFO - BEGIN (implicit)
2025-09-14 22:36:26,028 INFO sqlalchemy.engine.Engine SELECT count(kazanimlar.id) AS count_1 
FROM kazanimlar
2025-09-14 22:36:26,028 - sqlalchemy.engine.Engine - INFO - SELECT count(kazanimlar.id) AS count_1 
FROM kazanimlar
2025-09-14 22:36:26,028 INFO sqlalchemy.engine.Engine [cached since 6.965s ago] ()
2025-09-14 22:36:26,028 - sqlalchemy.engine.Engine - INFO - [cached since 6.965s ago] ()
2025-09-14 22:36:26,028 INFO sqlalchemy.engine.Engine BEGIN (implicit)
2025-09-14 22:36:26,028 - sqlalchemy.engine.Engine - INFO - BEGIN (implicit)
2025-09-14 22:36:26,029 INFO sqlalchemy.engine.Engine SELECT DISTINCT kazanimlar.yas_grubu 
FROM kazanimlar ORDER BY kazanimlar.yas_grubu
2025-09-14 22:36:26,029 - sqlalchemy.engine.Engine - INFO - SELECT DISTINCT kazanimlar.yas_grubu 
FROM kazanimlar ORDER BY kazanimlar.yas_grubu
2025-09-14 22:36:26,029 INFO sqlalchemy.engine.Engine [generated in 0.00005s] ()
2025-09-14 22:36:26,029 - sqlalchemy.engine.Engine - INFO - [generated in 0.00005s] ()
2025-09-14 22:36:26,066 INFO sqlalchemy.engine.Engine COMMIT
2025-09-14 22:36:26,066 - sqlalchemy.engine.Engine - INFO - COMMIT
2025-09-14 22:36:26,080 INFO sqlalchemy.engine.Engine SELECT kazanimlar.id, kazanimlar.yas_grubu, kazanimlar.ders, kazanimlar.alan_becerileri, kazanimlar.butunlesik_beceriler, kazanimlar.surec_bilesenleri, kazanimlar.ogrenme_ciktilari, kazanimlar.alt_ogrenme_ciktilari, kazanimlar.created_at, kazanimlar.updated_at 
FROM kazanimlar 
 LIMIT $1::INTEGER OFFSET $2::INTEGER
2025-09-14 22:36:26,080 - sqlalchemy.engine.Engine - INFO - SELECT kazanimlar.id, kazanimlar.yas_grubu, kazanimlar.ders, kazanimlar.alan_becerileri, kazanimlar.butunlesik_beceriler, kazanimlar.surec_bilesenleri, kazanimlar.ogrenme_ciktilari, kazanimlar.alt_ogrenme_ciktilari, kazanimlar.created_at, kazanimlar.updated_at 
FROM kazanimlar 
 LIMIT $1::INTEGER OFFSET $2::INTEGER
2025-09-14 22:36:26,080 INFO sqlalchemy.engine.Engine [generated in 0.00011s] (12, 0)
2025-09-14 22:36:26,080 - sqlalchemy.engine.Engine - INFO - [generated in 0.00011s] (12, 0)
INFO:     127.0.0.1:49883 - "GET /api/v1/kazanimlar/options/subjects?yas_grubu= HTTP/1.1" 200 OK
2025-09-14 22:36:26,107 INFO sqlalchemy.engine.Engine COMMIT
2025-09-14 22:36:26,107 - sqlalchemy.engine.Engine - INFO - COMMIT
2025-09-14 22:36:26,121 INFO sqlalchemy.engine.Engine COMMIT
2025-09-14 22:36:26,121 - sqlalchemy.engine.Engine - INFO - COMMIT
INFO:     127.0.0.1:49887 - "GET /api/v1/kazanimlar/options/age-groups HTTP/1.1" 200 OK
INFO:     127.0.0.1:49885 - "GET /api/v1/kazanimlar/?page=1&page_size=12&yas_grubu=&ders=&search= HTTP/1.1" 200 OK
2025-09-14 22:36:27,521 INFO sqlalchemy.engine.Engine BEGIN (implicit)
2025-09-14 22:36:27,521 - sqlalchemy.engine.Engine - INFO - BEGIN (implicit)
2025-09-14 22:36:27,521 INFO sqlalchemy.engine.Engine SELECT count(kazanimlar.id) AS count_1 
FROM kazanimlar
2025-09-14 22:36:27,521 - sqlalchemy.engine.Engine - INFO - SELECT count(kazanimlar.id) AS count_1 
FROM kazanimlar
2025-09-14 22:36:27,522 INFO sqlalchemy.engine.Engine [cached since 8.458s ago] ()
2025-09-14 22:36:27,522 - sqlalchemy.engine.Engine - INFO - [cached since 8.458s ago] ()
2025-09-14 22:36:27,702 INFO sqlalchemy.engine.Engine SELECT kazanimlar.id, kazanimlar.yas_grubu, kazanimlar.ders, kazanimlar.alan_becerileri, kazanimlar.butunlesik_beceriler, kazanimlar.surec_bilesenleri, kazanimlar.ogrenme_ciktilari, kazanimlar.alt_ogrenme_ciktilari, kazanimlar.created_at, kazanimlar.updated_at 
FROM kazanimlar 
 LIMIT $1::INTEGER OFFSET $2::INTEGER
2025-09-14 22:36:27,702 - sqlalchemy.engine.Engine - INFO - SELECT kazanimlar.id, kazanimlar.yas_grubu, kazanimlar.ders, kazanimlar.alan_becerileri, kazanimlar.butunlesik_beceriler, kazanimlar.surec_bilesenleri, kazanimlar.ogrenme_ciktilari, kazanimlar.alt_ogrenme_ciktilari, kazanimlar.created_at, kazanimlar.updated_at 
FROM kazanimlar 
 LIMIT $1::INTEGER OFFSET $2::INTEGER
2025-09-14 22:36:27,702 INFO sqlalchemy.engine.Engine [cached since 1.622s ago] (100, 0)
2025-09-14 22:36:27,702 - sqlalchemy.engine.Engine - INFO - [cached since 1.622s ago] (100, 0)
2025-09-14 22:36:27,860 INFO sqlalchemy.engine.Engine COMMIT
2025-09-14 22:36:27,860 - sqlalchemy.engine.Engine - INFO - COMMIT
INFO:     127.0.0.1:49885 - "GET /api/v1/kazanimlar/?yas_grubu=&ders=&search=&page_size=100 HTTP/1.1" 200 OK
2025-09-14 22:39:17,624 INFO sqlalchemy.engine.Engine BEGIN (implicit)
2025-09-14 22:39:17,624 - sqlalchemy.engine.Engine - INFO - BEGIN (implicit)
2025-09-14 22:39:17,625 INFO sqlalchemy.engine.Engine SELECT etkinlikler.id, etkinlikler.etkinlik_adi, etkinlikler.alan_adi, etkinlikler.yas_grubu, etkinlikler.sure, etkinlikler.uygulama_yeri, etkinlikler.etkinlik_amaci, etkinlikler.materyaller, etkinlikler.uygulama_sureci, etkinlikler.giris_bolumu, etkinlikler.gelisme_bolumu, etkinlikler.yansima_cemberi, etkinlikler.sonuc_bolumu, etkinlikler.uyarlama, etkinlikler.farklilastirma_kapsayicilik, etkinlikler.degerlendirme_program, etkinlikler.degerlendirme_beceriler, etkinlikler.degerlendirme_ogrenciler, etkinlikler.kazanim_idleri, etkinlikler.kazanim_metinleri, etkinlikler.created_at, etkinlikler.updated_at, etkinlikler.created_by, etkinlikler.ai_generated, etkinlikler.prompt_used, etkinlikler.model_version, etkinlikler.json_data 
FROM etkinlikler ORDER BY etkinlikler.created_at DESC 
 LIMIT $1::INTEGER OFFSET $2::INTEGER
2025-09-14 22:39:17,625 - sqlalchemy.engine.Engine - INFO - SELECT etkinlikler.id, etkinlikler.etkinlik_adi, etkinlikler.alan_adi, etkinlikler.yas_grubu, etkinlikler.sure, etkinlikler.uygulama_yeri, etkinlikler.etkinlik_amaci, etkinlikler.materyaller, etkinlikler.uygulama_sureci, etkinlikler.giris_bolumu, etkinlikler.gelisme_bolumu, etkinlikler.yansima_cemberi, etkinlikler.sonuc_bolumu, etkinlikler.uyarlama, etkinlikler.farklilastirma_kapsayicilik, etkinlikler.degerlendirme_program, etkinlikler.degerlendirme_beceriler, etkinlikler.degerlendirme_ogrenciler, etkinlikler.kazanim_idleri, etkinlikler.kazanim_metinleri, etkinlikler.created_at, etkinlikler.updated_at, etkinlikler.created_by, etkinlikler.ai_generated, etkinlikler.prompt_used, etkinlikler.model_version, etkinlikler.json_data 
FROM etkinlikler ORDER BY etkinlikler.created_at DESC 
 LIMIT $1::INTEGER OFFSET $2::INTEGER
2025-09-14 22:39:17,625 INFO sqlalchemy.engine.Engine [cached since 178.6s ago] (12, 0)
2025-09-14 22:39:17,625 - sqlalchemy.engine.Engine - INFO - [cached since 178.6s ago] (12, 0)
2025-09-14 22:39:17,860 INFO sqlalchemy.engine.Engine COMMIT
2025-09-14 22:39:17,860 - sqlalchemy.engine.Engine - INFO - COMMIT
INFO:     127.0.0.1:50369 - "GET /api/v1/etkinlikler/?page=1&page_size=12 HTTP/1.1" 200 OK
2025-09-14 22:39:18,874 INFO sqlalchemy.engine.Engine BEGIN (implicit)
2025-09-14 22:39:18,874 - sqlalchemy.engine.Engine - INFO - BEGIN (implicit)
2025-09-14 22:39:18,874 INFO sqlalchemy.engine.Engine SELECT etkinlikler.id, etkinlikler.etkinlik_adi, etkinlikler.alan_adi, etkinlikler.yas_grubu, etkinlikler.sure, etkinlikler.uygulama_yeri, etkinlikler.etkinlik_amaci, etkinlikler.materyaller, etkinlikler.uygulama_sureci, etkinlikler.giris_bolumu, etkinlikler.gelisme_bolumu, etkinlikler.yansima_cemberi, etkinlikler.sonuc_bolumu, etkinlikler.uyarlama, etkinlikler.farklilastirma_kapsayicilik, etkinlikler.degerlendirme_program, etkinlikler.degerlendirme_beceriler, etkinlikler.degerlendirme_ogrenciler, etkinlikler.kazanim_idleri, etkinlikler.kazanim_metinleri, etkinlikler.created_at, etkinlikler.updated_at, etkinlikler.created_by, etkinlikler.ai_generated, etkinlikler.prompt_used, etkinlikler.model_version, etkinlikler.json_data 
FROM etkinlikler 
WHERE etkinlikler.id = $1::INTEGER
2025-09-14 22:39:18,874 - sqlalchemy.engine.Engine - INFO - SELECT etkinlikler.id, etkinlikler.etkinlik_adi, etkinlikler.alan_adi, etkinlikler.yas_grubu, etkinlikler.sure, etkinlikler.uygulama_yeri, etkinlikler.etkinlik_amaci, etkinlikler.materyaller, etkinlikler.uygulama_sureci, etkinlikler.giris_bolumu, etkinlikler.gelisme_bolumu, etkinlikler.yansima_cemberi, etkinlikler.sonuc_bolumu, etkinlikler.uyarlama, etkinlikler.farklilastirma_kapsayicilik, etkinlikler.degerlendirme_program, etkinlikler.degerlendirme_beceriler, etkinlikler.degerlendirme_ogrenciler, etkinlikler.kazanim_idleri, etkinlikler.kazanim_metinleri, etkinlikler.created_at, etkinlikler.updated_at, etkinlikler.created_by, etkinlikler.ai_generated, etkinlikler.prompt_used, etkinlikler.model_version, etkinlikler.json_data 
FROM etkinlikler 
WHERE etkinlikler.id = $1::INTEGER
2025-09-14 22:39:18,874 INFO sqlalchemy.engine.Engine [cached since 1021s ago] (22,)
2025-09-14 22:39:18,874 - sqlalchemy.engine.Engine - INFO - [cached since 1021s ago] (22,)
2025-09-14 22:39:19,408 INFO sqlalchemy.engine.Engine COMMIT
2025-09-14 22:39:19,408 - sqlalchemy.engine.Engine - INFO - COMMIT
INFO:     127.0.0.1:50369 - "GET /api/v1/etkinlikler/22 HTTP/1.1" 200 OK
2025-09-14 22:39:26,334 INFO sqlalchemy.engine.Engine BEGIN (implicit)
2025-09-14 22:39:26,334 - sqlalchemy.engine.Engine - INFO - BEGIN (implicit)
2025-09-14 22:39:26,334 INFO sqlalchemy.engine.Engine SELECT etkinlikler.id, etkinlikler.etkinlik_adi, etkinlikler.alan_adi, etkinlikler.yas_grubu, etkinlikler.sure, etkinlikler.uygulama_yeri, etkinlikler.etkinlik_amaci, etkinlikler.materyaller, etkinlikler.uygulama_sureci, etkinlikler.giris_bolumu, etkinlikler.gelisme_bolumu, etkinlikler.yansima_cemberi, etkinlikler.sonuc_bolumu, etkinlikler.uyarlama, etkinlikler.farklilastirma_kapsayicilik, etkinlikler.degerlendirme_program, etkinlikler.degerlendirme_beceriler, etkinlikler.degerlendirme_ogrenciler, etkinlikler.kazanim_idleri, etkinlikler.kazanim_metinleri, etkinlikler.created_at, etkinlikler.updated_at, etkinlikler.created_by, etkinlikler.ai_generated, etkinlikler.prompt_used, etkinlikler.model_version, etkinlikler.json_data 
FROM etkinlikler 
WHERE etkinlikler.id = $1::INTEGER
2025-09-14 22:39:26,334 - sqlalchemy.engine.Engine - INFO - SELECT etkinlikler.id, etkinlikler.etkinlik_adi, etkinlikler.alan_adi, etkinlikler.yas_grubu, etkinlikler.sure, etkinlikler.uygulama_yeri, etkinlikler.etkinlik_amaci, etkinlikler.materyaller, etkinlikler.uygulama_sureci, etkinlikler.giris_bolumu, etkinlikler.gelisme_bolumu, etkinlikler.yansima_cemberi, etkinlikler.sonuc_bolumu, etkinlikler.uyarlama, etkinlikler.farklilastirma_kapsayicilik, etkinlikler.degerlendirme_program, etkinlikler.degerlendirme_beceriler, etkinlikler.degerlendirme_ogrenciler, etkinlikler.kazanim_idleri, etkinlikler.kazanim_metinleri, etkinlikler.created_at, etkinlikler.updated_at, etkinlikler.created_by, etkinlikler.ai_generated, etkinlikler.prompt_used, etkinlikler.model_version, etkinlikler.json_data 
FROM etkinlikler 
WHERE etkinlikler.id = $1::INTEGER
2025-09-14 22:39:26,334 INFO sqlalchemy.engine.Engine [cached since 1029s ago] (22,)
2025-09-14 22:39:26,334 - sqlalchemy.engine.Engine - INFO - [cached since 1029s ago] (22,)
2025-09-14 22:39:26,483 - app.services.docx_export - INFO - Template loaded successfully
2025-09-14 22:39:26,489 - app.services.docx_export - INFO - Etkinlik amaci text length: 610
2025-09-14 22:39:26,489 - app.services.docx_export - INFO - First 200 chars: • Bilişsel gelişim: Kendisine sunulan seçenekler arasından tercih yapar, dikkatini yönlendirir, dinleme/izleme materyallerini yönetir.
• Sosyal-duygusal gelişim: Arkadaşlarının fikirlerine saygı duyar
2025-09-14 22:39:26,489 - app.services.docx_export - INFO - Parsed amaclar count: 5
2025-09-14 22:39:26,515 INFO sqlalchemy.engine.Engine COMMIT
2025-09-14 22:39:26,515 - sqlalchemy.engine.Engine - INFO - COMMIT
INFO:     127.0.0.1:50398 - "GET /api/v1/etkinlikler/22/export/docx HTTP/1.1" 200 OK
